Performing C SOURCE FILE Test HAVE_GCC_PREFERRED_STACK_BOUNDARY failed with the following output:
Change Dir: /Users/aabdulla/CLionProjects/rtv1_dispatch/cmake-build-debug/sdl/source/src/sdlLibrary-build/CMakeFiles/CMakeTmp

Run Build Command(s):/usr/bin/make cmTC_25454/fast 
/Applications/Xcode.app/Contents/Developer/usr/bin/make -f CMakeFiles/cmTC_25454.dir/build.make CMakeFiles/cmTC_25454.dir/build
Building C object CMakeFiles/cmTC_25454.dir/src.c.o
/Applications/Xcode.app/Contents/Developer/Toolchains/XcodeDefault.xctoolchain/usr/bin/cc   -g -O3 -idirafter /Users/aabdulla/CLionProjects/rtv1_dispatch/cmake-build-debug/sdl/source/src/sdlLibrary/src/video/khronos -DHAVE_GCC_PREFERRED_STACK_BOUNDARY -mpreferred-stack-boundary=2   -o CMakeFiles/cmTC_25454.dir/src.c.o   -c /Users/aabdulla/CLionProjects/rtv1_dispatch/cmake-build-debug/sdl/source/src/sdlLibrary-build/CMakeFiles/CMakeTmp/src.c
clang: error: unknown argument: '-mpreferred-stack-boundary=2'
make[5]: *** [CMakeFiles/cmTC_25454.dir/src.c.o] Error 1
make[4]: *** [cmTC_25454/fast] Error 2

Source file was:
int x = 0; int main(int argc, char **argv) {}
Performing C SOURCE FILE Test HAVE_ALTIVEC_H_HDR failed with the following output:
Change Dir: /Users/aabdulla/CLionProjects/rtv1_dispatch/cmake-build-debug/sdl/source/src/sdlLibrary-build/CMakeFiles/CMakeTmp

Run Build Command(s):/usr/bin/make cmTC_80293/fast 
/Applications/Xcode.app/Contents/Developer/usr/bin/make -f CMakeFiles/cmTC_80293.dir/build.make CMakeFiles/cmTC_80293.dir/build
Building C object CMakeFiles/cmTC_80293.dir/src.c.o
/Applications/Xcode.app/Contents/Developer/Toolchains/XcodeDefault.xctoolchain/usr/bin/cc   -g -O3 -idirafter /Users/aabdulla/CLionProjects/rtv1_dispatch/cmake-build-debug/sdl/source/src/sdlLibrary/src/video/khronos -DHAVE_ALTIVEC_H_HDR -maltivec   -o CMakeFiles/cmTC_80293.dir/src.c.o   -c /Users/aabdulla/CLionProjects/rtv1_dispatch/cmake-build-debug/sdl/source/src/sdlLibrary-build/CMakeFiles/CMakeTmp/src.c
clang: error: invalid argument '-faltivec' only allowed with 'ppc/ppc64/ppc64le'
make[5]: *** [CMakeFiles/cmTC_80293.dir/src.c.o] Error 1
make[4]: *** [cmTC_80293/fast] Error 2

Source file was:

          #include <altivec.h>
          vector unsigned int vzero() {
              return vec_splat_u32(0);
          }
          int main(int argc, char **argv) { }
Performing C SOURCE FILE Test HAVE_ALTIVEC failed with the following output:
Change Dir: /Users/aabdulla/CLionProjects/rtv1_dispatch/cmake-build-debug/sdl/source/src/sdlLibrary-build/CMakeFiles/CMakeTmp

Run Build Command(s):/usr/bin/make cmTC_85f59/fast 
/Applications/Xcode.app/Contents/Developer/usr/bin/make -f CMakeFiles/cmTC_85f59.dir/build.make CMakeFiles/cmTC_85f59.dir/build
Building C object CMakeFiles/cmTC_85f59.dir/src.c.o
/Applications/Xcode.app/Contents/Developer/Toolchains/XcodeDefault.xctoolchain/usr/bin/cc   -g -O3 -idirafter /Users/aabdulla/CLionProjects/rtv1_dispatch/cmake-build-debug/sdl/source/src/sdlLibrary/src/video/khronos -DHAVE_ALTIVEC -maltivec   -o CMakeFiles/cmTC_85f59.dir/src.c.o   -c /Users/aabdulla/CLionProjects/rtv1_dispatch/cmake-build-debug/sdl/source/src/sdlLibrary-build/CMakeFiles/CMakeTmp/src.c
clang: error: invalid argument '-faltivec' only allowed with 'ppc/ppc64/ppc64le'
make[5]: *** [CMakeFiles/cmTC_85f59.dir/src.c.o] Error 1
make[4]: *** [cmTC_85f59/fast] Error 2

Source file was:

          vector unsigned int vzero() {
              return vec_splat_u32(0);
          }
          int main(int argc, char **argv) { }
Determining if the include file malloc.h exists failed with the following output:
Change Dir: /Users/aabdulla/CLionProjects/rtv1_dispatch/cmake-build-debug/sdl/source/src/sdlLibrary-build/CMakeFiles/CMakeTmp

Run Build Command(s):/usr/bin/make cmTC_75256/fast 
/Applications/Xcode.app/Contents/Developer/usr/bin/make -f CMakeFiles/cmTC_75256.dir/build.make CMakeFiles/cmTC_75256.dir/build
Building C object CMakeFiles/cmTC_75256.dir/CheckIncludeFile.c.o
/Applications/Xcode.app/Contents/Developer/Toolchains/XcodeDefault.xctoolchain/usr/bin/cc   -g -O3 -idirafter /Users/aabdulla/CLionProjects/rtv1_dispatch/cmake-build-debug/sdl/source/src/sdlLibrary/src/video/khronos    -o CMakeFiles/cmTC_75256.dir/CheckIncludeFile.c.o   -c /Users/aabdulla/CLionProjects/rtv1_dispatch/cmake-build-debug/sdl/source/src/sdlLibrary-build/CMakeFiles/CMakeTmp/CheckIncludeFile.c
/Users/aabdulla/CLionProjects/rtv1_dispatch/cmake-build-debug/sdl/source/src/sdlLibrary-build/CMakeFiles/CMakeTmp/CheckIncludeFile.c:1:10: fatal error: 'malloc.h' file not found
#include <malloc.h>
         ^~~~~~~~~~
1 error generated.
make[5]: *** [CMakeFiles/cmTC_75256.dir/CheckIncludeFile.c.o] Error 1
make[4]: *** [cmTC_75256/fast] Error 2


Determining if the function _strrev exists failed with the following output:
Change Dir: /Users/aabdulla/CLionProjects/rtv1_dispatch/cmake-build-debug/sdl/source/src/sdlLibrary-build/CMakeFiles/CMakeTmp

Run Build Command(s):/usr/bin/make cmTC_fb336/fast 
/Applications/Xcode.app/Contents/Developer/usr/bin/make -f CMakeFiles/cmTC_fb336.dir/build.make CMakeFiles/cmTC_fb336.dir/build
Building C object CMakeFiles/cmTC_fb336.dir/CheckFunctionExists.c.o
/Applications/Xcode.app/Contents/Developer/Toolchains/XcodeDefault.xctoolchain/usr/bin/cc   -g -O3 -idirafter /Users/aabdulla/CLionProjects/rtv1_dispatch/cmake-build-debug/sdl/source/src/sdlLibrary/src/video/khronos -DCHECK_FUNCTION_EXISTS=_strrev   -o CMakeFiles/cmTC_fb336.dir/CheckFunctionExists.c.o   -c /Applications/CLion.app/Contents/bin/cmake/mac/share/cmake-3.14/Modules/CheckFunctionExists.c
Linking C executable cmTC_fb336
/Applications/CLion.app/Contents/bin/cmake/mac/bin/cmake -E cmake_link_script CMakeFiles/cmTC_fb336.dir/link.txt --verbose=1
/Applications/Xcode.app/Contents/Developer/Toolchains/XcodeDefault.xctoolchain/usr/bin/cc -g -O3 -idirafter /Users/aabdulla/CLionProjects/rtv1_dispatch/cmake-build-debug/sdl/source/src/sdlLibrary/src/video/khronos -DCHECK_FUNCTION_EXISTS=_strrev -Wl,-search_paths_first -Wl,-headerpad_max_install_names   CMakeFiles/cmTC_fb336.dir/CheckFunctionExists.c.o  -o cmTC_fb336 
Undefined symbols for architecture x86_64:
  "__strrev", referenced from:
      _main in CheckFunctionExists.c.o
ld: symbol(s) not found for architecture x86_64
clang: error: linker command failed with exit code 1 (use -v to see invocation)
make[5]: *** [cmTC_fb336] Error 1
make[4]: *** [cmTC_fb336/fast] Error 2


Determining if the function _strupr exists failed with the following output:
Change Dir: /Users/aabdulla/CLionProjects/rtv1_dispatch/cmake-build-debug/sdl/source/src/sdlLibrary-build/CMakeFiles/CMakeTmp

Run Build Command(s):/usr/bin/make cmTC_e65f8/fast 
/Applications/Xcode.app/Contents/Developer/usr/bin/make -f CMakeFiles/cmTC_e65f8.dir/build.make CMakeFiles/cmTC_e65f8.dir/build
Building C object CMakeFiles/cmTC_e65f8.dir/CheckFunctionExists.c.o
/Applications/Xcode.app/Contents/Developer/Toolchains/XcodeDefault.xctoolchain/usr/bin/cc   -g -O3 -idirafter /Users/aabdulla/CLionProjects/rtv1_dispatch/cmake-build-debug/sdl/source/src/sdlLibrary/src/video/khronos -DCHECK_FUNCTION_EXISTS=_strupr   -o CMakeFiles/cmTC_e65f8.dir/CheckFunctionExists.c.o   -c /Applications/CLion.app/Contents/bin/cmake/mac/share/cmake-3.14/Modules/CheckFunctionExists.c
Linking C executable cmTC_e65f8
/Applications/CLion.app/Contents/bin/cmake/mac/bin/cmake -E cmake_link_script CMakeFiles/cmTC_e65f8.dir/link.txt --verbose=1
/Applications/Xcode.app/Contents/Developer/Toolchains/XcodeDefault.xctoolchain/usr/bin/cc -g -O3 -idirafter /Users/aabdulla/CLionProjects/rtv1_dispatch/cmake-build-debug/sdl/source/src/sdlLibrary/src/video/khronos -DCHECK_FUNCTION_EXISTS=_strupr -Wl,-search_paths_first -Wl,-headerpad_max_install_names   CMakeFiles/cmTC_e65f8.dir/CheckFunctionExists.c.o  -o cmTC_e65f8 
Undefined symbols for architecture x86_64:
  "__strupr", referenced from:
      _main in CheckFunctionExists.c.o
ld: symbol(s) not found for architecture x86_64
clang: error: linker command failed with exit code 1 (use -v to see invocation)
make[5]: *** [cmTC_e65f8] Error 1
make[4]: *** [cmTC_e65f8/fast] Error 2


Determining if the function _strlwr exists failed with the following output:
Change Dir: /Users/aabdulla/CLionProjects/rtv1_dispatch/cmake-build-debug/sdl/source/src/sdlLibrary-build/CMakeFiles/CMakeTmp

Run Build Command(s):/usr/bin/make cmTC_0cca7/fast 
/Applications/Xcode.app/Contents/Developer/usr/bin/make -f CMakeFiles/cmTC_0cca7.dir/build.make CMakeFiles/cmTC_0cca7.dir/build
Building C object CMakeFiles/cmTC_0cca7.dir/CheckFunctionExists.c.o
/Applications/Xcode.app/Contents/Developer/Toolchains/XcodeDefault.xctoolchain/usr/bin/cc   -g -O3 -idirafter /Users/aabdulla/CLionProjects/rtv1_dispatch/cmake-build-debug/sdl/source/src/sdlLibrary/src/video/khronos -DCHECK_FUNCTION_EXISTS=_strlwr   -o CMakeFiles/cmTC_0cca7.dir/CheckFunctionExists.c.o   -c /Applications/CLion.app/Contents/bin/cmake/mac/share/cmake-3.14/Modules/CheckFunctionExists.c
Linking C executable cmTC_0cca7
/Applications/CLion.app/Contents/bin/cmake/mac/bin/cmake -E cmake_link_script CMakeFiles/cmTC_0cca7.dir/link.txt --verbose=1
/Applications/Xcode.app/Contents/Developer/Toolchains/XcodeDefault.xctoolchain/usr/bin/cc -g -O3 -idirafter /Users/aabdulla/CLionProjects/rtv1_dispatch/cmake-build-debug/sdl/source/src/sdlLibrary/src/video/khronos -DCHECK_FUNCTION_EXISTS=_strlwr -Wl,-search_paths_first -Wl,-headerpad_max_install_names   CMakeFiles/cmTC_0cca7.dir/CheckFunctionExists.c.o  -o cmTC_0cca7 
Undefined symbols for architecture x86_64:
  "__strlwr", referenced from:
      _main in CheckFunctionExists.c.o
ld: symbol(s) not found for architecture x86_64
clang: error: linker command failed with exit code 1 (use -v to see invocation)
make[5]: *** [cmTC_0cca7] Error 1
make[4]: *** [cmTC_0cca7/fast] Error 2


Determining if the function itoa exists failed with the following output:
Change Dir: /Users/aabdulla/CLionProjects/rtv1_dispatch/cmake-build-debug/sdl/source/src/sdlLibrary-build/CMakeFiles/CMakeTmp

Run Build Command(s):/usr/bin/make cmTC_5b1ad/fast 
/Applications/Xcode.app/Contents/Developer/usr/bin/make -f CMakeFiles/cmTC_5b1ad.dir/build.make CMakeFiles/cmTC_5b1ad.dir/build
Building C object CMakeFiles/cmTC_5b1ad.dir/CheckFunctionExists.c.o
/Applications/Xcode.app/Contents/Developer/Toolchains/XcodeDefault.xctoolchain/usr/bin/cc   -g -O3 -idirafter /Users/aabdulla/CLionProjects/rtv1_dispatch/cmake-build-debug/sdl/source/src/sdlLibrary/src/video/khronos -DCHECK_FUNCTION_EXISTS=itoa   -o CMakeFiles/cmTC_5b1ad.dir/CheckFunctionExists.c.o   -c /Applications/CLion.app/Contents/bin/cmake/mac/share/cmake-3.14/Modules/CheckFunctionExists.c
Linking C executable cmTC_5b1ad
/Applications/CLion.app/Contents/bin/cmake/mac/bin/cmake -E cmake_link_script CMakeFiles/cmTC_5b1ad.dir/link.txt --verbose=1
/Applications/Xcode.app/Contents/Developer/Toolchains/XcodeDefault.xctoolchain/usr/bin/cc -g -O3 -idirafter /Users/aabdulla/CLionProjects/rtv1_dispatch/cmake-build-debug/sdl/source/src/sdlLibrary/src/video/khronos -DCHECK_FUNCTION_EXISTS=itoa -Wl,-search_paths_first -Wl,-headerpad_max_install_names   CMakeFiles/cmTC_5b1ad.dir/CheckFunctionExists.c.o  -o cmTC_5b1ad 
Undefined symbols for architecture x86_64:
  "_itoa", referenced from:
      _main in CheckFunctionExists.c.o
ld: symbol(s) not found for architecture x86_64
clang: error: linker command failed with exit code 1 (use -v to see invocation)
make[5]: *** [cmTC_5b1ad] Error 1
make[4]: *** [cmTC_5b1ad/fast] Error 2


Determining if the function _ltoa exists failed with the following output:
Change Dir: /Users/aabdulla/CLionProjects/rtv1_dispatch/cmake-build-debug/sdl/source/src/sdlLibrary-build/CMakeFiles/CMakeTmp

Run Build Command(s):/usr/bin/make cmTC_c3178/fast 
/Applications/Xcode.app/Contents/Developer/usr/bin/make -f CMakeFiles/cmTC_c3178.dir/build.make CMakeFiles/cmTC_c3178.dir/build
Building C object CMakeFiles/cmTC_c3178.dir/CheckFunctionExists.c.o
/Applications/Xcode.app/Contents/Developer/Toolchains/XcodeDefault.xctoolchain/usr/bin/cc   -g -O3 -idirafter /Users/aabdulla/CLionProjects/rtv1_dispatch/cmake-build-debug/sdl/source/src/sdlLibrary/src/video/khronos -DCHECK_FUNCTION_EXISTS=_ltoa   -o CMakeFiles/cmTC_c3178.dir/CheckFunctionExists.c.o   -c /Applications/CLion.app/Contents/bin/cmake/mac/share/cmake-3.14/Modules/CheckFunctionExists.c
Linking C executable cmTC_c3178
/Applications/CLion.app/Contents/bin/cmake/mac/bin/cmake -E cmake_link_script CMakeFiles/cmTC_c3178.dir/link.txt --verbose=1
/Applications/Xcode.app/Contents/Developer/Toolchains/XcodeDefault.xctoolchain/usr/bin/cc -g -O3 -idirafter /Users/aabdulla/CLionProjects/rtv1_dispatch/cmake-build-debug/sdl/source/src/sdlLibrary/src/video/khronos -DCHECK_FUNCTION_EXISTS=_ltoa -Wl,-search_paths_first -Wl,-headerpad_max_install_names   CMakeFiles/cmTC_c3178.dir/CheckFunctionExists.c.o  -o cmTC_c3178 
Undefined symbols for architecture x86_64:
  "__ltoa", referenced from:
      _main in CheckFunctionExists.c.o
ld: symbol(s) not found for architecture x86_64
clang: error: linker command failed with exit code 1 (use -v to see invocation)
make[5]: *** [cmTC_c3178] Error 1
make[4]: *** [cmTC_c3178/fast] Error 2


Determining if the function _uitoa exists failed with the following output:
Change Dir: /Users/aabdulla/CLionProjects/rtv1_dispatch/cmake-build-debug/sdl/source/src/sdlLibrary-build/CMakeFiles/CMakeTmp

Run Build Command(s):/usr/bin/make cmTC_b5b34/fast 
/Applications/Xcode.app/Contents/Developer/usr/bin/make -f CMakeFiles/cmTC_b5b34.dir/build.make CMakeFiles/cmTC_b5b34.dir/build
Building C object CMakeFiles/cmTC_b5b34.dir/CheckFunctionExists.c.o
/Applications/Xcode.app/Contents/Developer/Toolchains/XcodeDefault.xctoolchain/usr/bin/cc   -g -O3 -idirafter /Users/aabdulla/CLionProjects/rtv1_dispatch/cmake-build-debug/sdl/source/src/sdlLibrary/src/video/khronos -DCHECK_FUNCTION_EXISTS=_uitoa   -o CMakeFiles/cmTC_b5b34.dir/CheckFunctionExists.c.o   -c /Applications/CLion.app/Contents/bin/cmake/mac/share/cmake-3.14/Modules/CheckFunctionExists.c
Linking C executable cmTC_b5b34
/Applications/CLion.app/Contents/bin/cmake/mac/bin/cmake -E cmake_link_script CMakeFiles/cmTC_b5b34.dir/link.txt --verbose=1
/Applications/Xcode.app/Contents/Developer/Toolchains/XcodeDefault.xctoolchain/usr/bin/cc -g -O3 -idirafter /Users/aabdulla/CLionProjects/rtv1_dispatch/cmake-build-debug/sdl/source/src/sdlLibrary/src/video/khronos -DCHECK_FUNCTION_EXISTS=_uitoa -Wl,-search_paths_first -Wl,-headerpad_max_install_names   CMakeFiles/cmTC_b5b34.dir/CheckFunctionExists.c.o  -o cmTC_b5b34 
Undefined symbols for architecture x86_64:
  "__uitoa", referenced from:
      _main in CheckFunctionExists.c.o
ld: symbol(s) not found for architecture x86_64
clang: error: linker command failed with exit code 1 (use -v to see invocation)
make[5]: *** [cmTC_b5b34] Error 1
make[4]: *** [cmTC_b5b34/fast] Error 2


Determining if the function _ultoa exists failed with the following output:
Change Dir: /Users/aabdulla/CLionProjects/rtv1_dispatch/cmake-build-debug/sdl/source/src/sdlLibrary-build/CMakeFiles/CMakeTmp

Run Build Command(s):/usr/bin/make cmTC_2640c/fast 
/Applications/Xcode.app/Contents/Developer/usr/bin/make -f CMakeFiles/cmTC_2640c.dir/build.make CMakeFiles/cmTC_2640c.dir/build
Building C object CMakeFiles/cmTC_2640c.dir/CheckFunctionExists.c.o
/Applications/Xcode.app/Contents/Developer/Toolchains/XcodeDefault.xctoolchain/usr/bin/cc   -g -O3 -idirafter /Users/aabdulla/CLionProjects/rtv1_dispatch/cmake-build-debug/sdl/source/src/sdlLibrary/src/video/khronos -DCHECK_FUNCTION_EXISTS=_ultoa   -o CMakeFiles/cmTC_2640c.dir/CheckFunctionExists.c.o   -c /Applications/CLion.app/Contents/bin/cmake/mac/share/cmake-3.14/Modules/CheckFunctionExists.c
Linking C executable cmTC_2640c
/Applications/CLion.app/Contents/bin/cmake/mac/bin/cmake -E cmake_link_script CMakeFiles/cmTC_2640c.dir/link.txt --verbose=1
/Applications/Xcode.app/Contents/Developer/Toolchains/XcodeDefault.xctoolchain/usr/bin/cc -g -O3 -idirafter /Users/aabdulla/CLionProjects/rtv1_dispatch/cmake-build-debug/sdl/source/src/sdlLibrary/src/video/khronos -DCHECK_FUNCTION_EXISTS=_ultoa -Wl,-search_paths_first -Wl,-headerpad_max_install_names   CMakeFiles/cmTC_2640c.dir/CheckFunctionExists.c.o  -o cmTC_2640c 
Undefined symbols for architecture x86_64:
  "__ultoa", referenced from:
      _main in CheckFunctionExists.c.o
ld: symbol(s) not found for architecture x86_64
clang: error: linker command failed with exit code 1 (use -v to see invocation)
make[5]: *** [cmTC_2640c] Error 1
make[4]: *** [cmTC_2640c/fast] Error 2


Determining if the function _i64toa exists failed with the following output:
Change Dir: /Users/aabdulla/CLionProjects/rtv1_dispatch/cmake-build-debug/sdl/source/src/sdlLibrary-build/CMakeFiles/CMakeTmp

Run Build Command(s):/usr/bin/make cmTC_2240a/fast 
/Applications/Xcode.app/Contents/Developer/usr/bin/make -f CMakeFiles/cmTC_2240a.dir/build.make CMakeFiles/cmTC_2240a.dir/build
Building C object CMakeFiles/cmTC_2240a.dir/CheckFunctionExists.c.o
/Applications/Xcode.app/Contents/Developer/Toolchains/XcodeDefault.xctoolchain/usr/bin/cc   -g -O3 -idirafter /Users/aabdulla/CLionProjects/rtv1_dispatch/cmake-build-debug/sdl/source/src/sdlLibrary/src/video/khronos -DCHECK_FUNCTION_EXISTS=_i64toa   -o CMakeFiles/cmTC_2240a.dir/CheckFunctionExists.c.o   -c /Applications/CLion.app/Contents/bin/cmake/mac/share/cmake-3.14/Modules/CheckFunctionExists.c
Linking C executable cmTC_2240a
/Applications/CLion.app/Contents/bin/cmake/mac/bin/cmake -E cmake_link_script CMakeFiles/cmTC_2240a.dir/link.txt --verbose=1
/Applications/Xcode.app/Contents/Developer/Toolchains/XcodeDefault.xctoolchain/usr/bin/cc -g -O3 -idirafter /Users/aabdulla/CLionProjects/rtv1_dispatch/cmake-build-debug/sdl/source/src/sdlLibrary/src/video/khronos -DCHECK_FUNCTION_EXISTS=_i64toa -Wl,-search_paths_first -Wl,-headerpad_max_install_names   CMakeFiles/cmTC_2240a.dir/CheckFunctionExists.c.o  -o cmTC_2240a 
Undefined symbols for architecture x86_64:
  "__i64toa", referenced from:
      _main in CheckFunctionExists.c.o
ld: symbol(s) not found for architecture x86_64
clang: error: linker command failed with exit code 1 (use -v to see invocation)
make[5]: *** [cmTC_2240a] Error 1
make[4]: *** [cmTC_2240a/fast] Error 2


Determining if the function _ui64toa exists failed with the following output:
Change Dir: /Users/aabdulla/CLionProjects/rtv1_dispatch/cmake-build-debug/sdl/source/src/sdlLibrary-build/CMakeFiles/CMakeTmp

Run Build Command(s):/usr/bin/make cmTC_95d9c/fast 
/Applications/Xcode.app/Contents/Developer/usr/bin/make -f CMakeFiles/cmTC_95d9c.dir/build.make CMakeFiles/cmTC_95d9c.dir/build
Building C object CMakeFiles/cmTC_95d9c.dir/CheckFunctionExists.c.o
/Applications/Xcode.app/Contents/Developer/Toolchains/XcodeDefault.xctoolchain/usr/bin/cc   -g -O3 -idirafter /Users/aabdulla/CLionProjects/rtv1_dispatch/cmake-build-debug/sdl/source/src/sdlLibrary/src/video/khronos -DCHECK_FUNCTION_EXISTS=_ui64toa   -o CMakeFiles/cmTC_95d9c.dir/CheckFunctionExists.c.o   -c /Applications/CLion.app/Contents/bin/cmake/mac/share/cmake-3.14/Modules/CheckFunctionExists.c
Linking C executable cmTC_95d9c
/Applications/CLion.app/Contents/bin/cmake/mac/bin/cmake -E cmake_link_script CMakeFiles/cmTC_95d9c.dir/link.txt --verbose=1
/Applications/Xcode.app/Contents/Developer/Toolchains/XcodeDefault.xctoolchain/usr/bin/cc -g -O3 -idirafter /Users/aabdulla/CLionProjects/rtv1_dispatch/cmake-build-debug/sdl/source/src/sdlLibrary/src/video/khronos -DCHECK_FUNCTION_EXISTS=_ui64toa -Wl,-search_paths_first -Wl,-headerpad_max_install_names   CMakeFiles/cmTC_95d9c.dir/CheckFunctionExists.c.o  -o cmTC_95d9c 
Undefined symbols for architecture x86_64:
  "__ui64toa", referenced from:
      _main in CheckFunctionExists.c.o
ld: symbol(s) not found for architecture x86_64
clang: error: linker command failed with exit code 1 (use -v to see invocation)
make[5]: *** [cmTC_95d9c] Error 1
make[4]: *** [cmTC_95d9c/fast] Error 2


Determining if the function _stricmp exists failed with the following output:
Change Dir: /Users/aabdulla/CLionProjects/rtv1_dispatch/cmake-build-debug/sdl/source/src/sdlLibrary-build/CMakeFiles/CMakeTmp

Run Build Command(s):/usr/bin/make cmTC_ff02e/fast 
/Applications/Xcode.app/Contents/Developer/usr/bin/make -f CMakeFiles/cmTC_ff02e.dir/build.make CMakeFiles/cmTC_ff02e.dir/build
Building C object CMakeFiles/cmTC_ff02e.dir/CheckFunctionExists.c.o
/Applications/Xcode.app/Contents/Developer/Toolchains/XcodeDefault.xctoolchain/usr/bin/cc   -g -O3 -idirafter /Users/aabdulla/CLionProjects/rtv1_dispatch/cmake-build-debug/sdl/source/src/sdlLibrary/src/video/khronos -DCHECK_FUNCTION_EXISTS=_stricmp   -o CMakeFiles/cmTC_ff02e.dir/CheckFunctionExists.c.o   -c /Applications/CLion.app/Contents/bin/cmake/mac/share/cmake-3.14/Modules/CheckFunctionExists.c
Linking C executable cmTC_ff02e
/Applications/CLion.app/Contents/bin/cmake/mac/bin/cmake -E cmake_link_script CMakeFiles/cmTC_ff02e.dir/link.txt --verbose=1
/Applications/Xcode.app/Contents/Developer/Toolchains/XcodeDefault.xctoolchain/usr/bin/cc -g -O3 -idirafter /Users/aabdulla/CLionProjects/rtv1_dispatch/cmake-build-debug/sdl/source/src/sdlLibrary/src/video/khronos -DCHECK_FUNCTION_EXISTS=_stricmp -Wl,-search_paths_first -Wl,-headerpad_max_install_names   CMakeFiles/cmTC_ff02e.dir/CheckFunctionExists.c.o  -o cmTC_ff02e 
Undefined symbols for architecture x86_64:
  "__stricmp", referenced from:
      _main in CheckFunctionExists.c.o
ld: symbol(s) not found for architecture x86_64
clang: error: linker command failed with exit code 1 (use -v to see invocation)
make[5]: *** [cmTC_ff02e] Error 1
make[4]: *** [cmTC_ff02e/fast] Error 2


Determining if the function _strnicmp exists failed with the following output:
Change Dir: /Users/aabdulla/CLionProjects/rtv1_dispatch/cmake-build-debug/sdl/source/src/sdlLibrary-build/CMakeFiles/CMakeTmp

Run Build Command(s):/usr/bin/make cmTC_f86c0/fast 
/Applications/Xcode.app/Contents/Developer/usr/bin/make -f CMakeFiles/cmTC_f86c0.dir/build.make CMakeFiles/cmTC_f86c0.dir/build
Building C object CMakeFiles/cmTC_f86c0.dir/CheckFunctionExists.c.o
/Applications/Xcode.app/Contents/Developer/Toolchains/XcodeDefault.xctoolchain/usr/bin/cc   -g -O3 -idirafter /Users/aabdulla/CLionProjects/rtv1_dispatch/cmake-build-debug/sdl/source/src/sdlLibrary/src/video/khronos -DCHECK_FUNCTION_EXISTS=_strnicmp   -o CMakeFiles/cmTC_f86c0.dir/CheckFunctionExists.c.o   -c /Applications/CLion.app/Contents/bin/cmake/mac/share/cmake-3.14/Modules/CheckFunctionExists.c
Linking C executable cmTC_f86c0
/Applications/CLion.app/Contents/bin/cmake/mac/bin/cmake -E cmake_link_script CMakeFiles/cmTC_f86c0.dir/link.txt --verbose=1
/Applications/Xcode.app/Contents/Developer/Toolchains/XcodeDefault.xctoolchain/usr/bin/cc -g -O3 -idirafter /Users/aabdulla/CLionProjects/rtv1_dispatch/cmake-build-debug/sdl/source/src/sdlLibrary/src/video/khronos -DCHECK_FUNCTION_EXISTS=_strnicmp -Wl,-search_paths_first -Wl,-headerpad_max_install_names   CMakeFiles/cmTC_f86c0.dir/CheckFunctionExists.c.o  -o cmTC_f86c0 
Undefined symbols for architecture x86_64:
  "__strnicmp", referenced from:
      _main in CheckFunctionExists.c.o
ld: symbol(s) not found for architecture x86_64
clang: error: linker command failed with exit code 1 (use -v to see invocation)
make[5]: *** [cmTC_f86c0] Error 1
make[4]: *** [cmTC_f86c0/fast] Error 2


Determining if the function fopen64 exists failed with the following output:
Change Dir: /Users/aabdulla/CLionProjects/rtv1_dispatch/cmake-build-debug/sdl/source/src/sdlLibrary-build/CMakeFiles/CMakeTmp

Run Build Command(s):/usr/bin/make cmTC_67459/fast 
/Applications/Xcode.app/Contents/Developer/usr/bin/make -f CMakeFiles/cmTC_67459.dir/build.make CMakeFiles/cmTC_67459.dir/build
Building C object CMakeFiles/cmTC_67459.dir/CheckFunctionExists.c.o
/Applications/Xcode.app/Contents/Developer/Toolchains/XcodeDefault.xctoolchain/usr/bin/cc   -g -O3 -idirafter /Users/aabdulla/CLionProjects/rtv1_dispatch/cmake-build-debug/sdl/source/src/sdlLibrary/src/video/khronos -DCHECK_FUNCTION_EXISTS=fopen64   -o CMakeFiles/cmTC_67459.dir/CheckFunctionExists.c.o   -c /Applications/CLion.app/Contents/bin/cmake/mac/share/cmake-3.14/Modules/CheckFunctionExists.c
Linking C executable cmTC_67459
/Applications/CLion.app/Contents/bin/cmake/mac/bin/cmake -E cmake_link_script CMakeFiles/cmTC_67459.dir/link.txt --verbose=1
/Applications/Xcode.app/Contents/Developer/Toolchains/XcodeDefault.xctoolchain/usr/bin/cc -g -O3 -idirafter /Users/aabdulla/CLionProjects/rtv1_dispatch/cmake-build-debug/sdl/source/src/sdlLibrary/src/video/khronos -DCHECK_FUNCTION_EXISTS=fopen64 -Wl,-search_paths_first -Wl,-headerpad_max_install_names   CMakeFiles/cmTC_67459.dir/CheckFunctionExists.c.o  -o cmTC_67459 
Undefined symbols for architecture x86_64:
  "_fopen64", referenced from:
      _main in CheckFunctionExists.c.o
ld: symbol(s) not found for architecture x86_64
clang: error: linker command failed with exit code 1 (use -v to see invocation)
make[5]: *** [cmTC_67459] Error 1
make[4]: *** [cmTC_67459/fast] Error 2


Determining if the function fseeko64 exists failed with the following output:
Change Dir: /Users/aabdulla/CLionProjects/rtv1_dispatch/cmake-build-debug/sdl/source/src/sdlLibrary-build/CMakeFiles/CMakeTmp

Run Build Command(s):/usr/bin/make cmTC_3dfbc/fast 
/Applications/Xcode.app/Contents/Developer/usr/bin/make -f CMakeFiles/cmTC_3dfbc.dir/build.make CMakeFiles/cmTC_3dfbc.dir/build
Building C object CMakeFiles/cmTC_3dfbc.dir/CheckFunctionExists.c.o
/Applications/Xcode.app/Contents/Developer/Toolchains/XcodeDefault.xctoolchain/usr/bin/cc   -g -O3 -idirafter /Users/aabdulla/CLionProjects/rtv1_dispatch/cmake-build-debug/sdl/source/src/sdlLibrary/src/video/khronos -DCHECK_FUNCTION_EXISTS=fseeko64   -o CMakeFiles/cmTC_3dfbc.dir/CheckFunctionExists.c.o   -c /Applications/CLion.app/Contents/bin/cmake/mac/share/cmake-3.14/Modules/CheckFunctionExists.c
Linking C executable cmTC_3dfbc
/Applications/CLion.app/Contents/bin/cmake/mac/bin/cmake -E cmake_link_script CMakeFiles/cmTC_3dfbc.dir/link.txt --verbose=1
/Applications/Xcode.app/Contents/Developer/Toolchains/XcodeDefault.xctoolchain/usr/bin/cc -g -O3 -idirafter /Users/aabdulla/CLionProjects/rtv1_dispatch/cmake-build-debug/sdl/source/src/sdlLibrary/src/video/khronos -DCHECK_FUNCTION_EXISTS=fseeko64 -Wl,-search_paths_first -Wl,-headerpad_max_install_names   CMakeFiles/cmTC_3dfbc.dir/CheckFunctionExists.c.o  -o cmTC_3dfbc 
Undefined symbols for architecture x86_64:
  "_fseeko64", referenced from:
      _main in CheckFunctionExists.c.o
ld: symbol(s) not found for architecture x86_64
clang: error: linker command failed with exit code 1 (use -v to see invocation)
make[5]: *** [cmTC_3dfbc] Error 1
make[4]: *** [cmTC_3dfbc/fast] Error 2


Determining if the function getauxval exists failed with the following output:
Change Dir: /Users/aabdulla/CLionProjects/rtv1_dispatch/cmake-build-debug/sdl/source/src/sdlLibrary-build/CMakeFiles/CMakeTmp

Run Build Command(s):/usr/bin/make cmTC_da7b1/fast 
/Applications/Xcode.app/Contents/Developer/usr/bin/make -f CMakeFiles/cmTC_da7b1.dir/build.make CMakeFiles/cmTC_da7b1.dir/build
Building C object CMakeFiles/cmTC_da7b1.dir/CheckFunctionExists.c.o
/Applications/Xcode.app/Contents/Developer/Toolchains/XcodeDefault.xctoolchain/usr/bin/cc   -g -O3 -idirafter /Users/aabdulla/CLionProjects/rtv1_dispatch/cmake-build-debug/sdl/source/src/sdlLibrary/src/video/khronos -DCHECK_FUNCTION_EXISTS=getauxval   -o CMakeFiles/cmTC_da7b1.dir/CheckFunctionExists.c.o   -c /Applications/CLion.app/Contents/bin/cmake/mac/share/cmake-3.14/Modules/CheckFunctionExists.c
Linking C executable cmTC_da7b1
/Applications/CLion.app/Contents/bin/cmake/mac/bin/cmake -E cmake_link_script CMakeFiles/cmTC_da7b1.dir/link.txt --verbose=1
/Applications/Xcode.app/Contents/Developer/Toolchains/XcodeDefault.xctoolchain/usr/bin/cc -g -O3 -idirafter /Users/aabdulla/CLionProjects/rtv1_dispatch/cmake-build-debug/sdl/source/src/sdlLibrary/src/video/khronos -DCHECK_FUNCTION_EXISTS=getauxval -Wl,-search_paths_first -Wl,-headerpad_max_install_names   CMakeFiles/cmTC_da7b1.dir/CheckFunctionExists.c.o  -o cmTC_da7b1 
Undefined symbols for architecture x86_64:
  "_getauxval", referenced from:
      _main in CheckFunctionExists.c.o
ld: symbol(s) not found for architecture x86_64
clang: error: linker command failed with exit code 1 (use -v to see invocation)
make[5]: *** [cmTC_da7b1] Error 1
make[4]: *** [cmTC_da7b1/fast] Error 2


Performing C SOURCE FILE Test HAVE_SEM_TIMEDWAIT failed with the following output:
Change Dir: /Users/aabdulla/CLionProjects/rtv1_dispatch/cmake-build-debug/sdl/source/src/sdlLibrary-build/CMakeFiles/CMakeTmp

Run Build Command(s):/usr/bin/make cmTC_6877e/fast 
/Applications/Xcode.app/Contents/Developer/usr/bin/make -f CMakeFiles/cmTC_6877e.dir/build.make CMakeFiles/cmTC_6877e.dir/build
Building C object CMakeFiles/cmTC_6877e.dir/src.c.o
/Applications/Xcode.app/Contents/Developer/Toolchains/XcodeDefault.xctoolchain/usr/bin/cc   -g -O3 -idirafter /Users/aabdulla/CLionProjects/rtv1_dispatch/cmake-build-debug/sdl/source/src/sdlLibrary/src/video/khronos -DHAVE_SEM_TIMEDWAIT  -D_THREAD_SAFE   -o CMakeFiles/cmTC_6877e.dir/src.c.o   -c /Users/aabdulla/CLionProjects/rtv1_dispatch/cmake-build-debug/sdl/source/src/sdlLibrary-build/CMakeFiles/CMakeTmp/src.c
/Users/aabdulla/CLionProjects/rtv1_dispatch/cmake-build-debug/sdl/source/src/sdlLibrary-build/CMakeFiles/CMakeTmp/src.c:5:19: warning: implicit declaration of function 'sem_timedwait' is invalid in C99 [-Wimplicit-function-declaration]
                  sem_timedwait(NULL, NULL);
                  ^
1 warning generated.
Linking C executable cmTC_6877e
/Applications/CLion.app/Contents/bin/cmake/mac/bin/cmake -E cmake_link_script CMakeFiles/cmTC_6877e.dir/link.txt --verbose=1
/Applications/Xcode.app/Contents/Developer/Toolchains/XcodeDefault.xctoolchain/usr/bin/cc -g -O3 -idirafter /Users/aabdulla/CLionProjects/rtv1_dispatch/cmake-build-debug/sdl/source/src/sdlLibrary/src/video/khronos -DHAVE_SEM_TIMEDWAIT  -D_THREAD_SAFE -Wl,-search_paths_first -Wl,-headerpad_max_install_names   CMakeFiles/cmTC_6877e.dir/src.c.o  -o cmTC_6877e 
Undefined symbols for architecture x86_64:
  "_sem_timedwait", referenced from:
      _main in src.c.o
ld: symbol(s) not found for architecture x86_64
clang: error: linker command failed with exit code 1 (use -v to see invocation)
make[5]: *** [cmTC_6877e] Error 1
make[4]: *** [cmTC_6877e/fast] Error 2

Source file was:

              #include <pthread.h>
              #include <semaphore.h>
              int main(int argc, char **argv) {
                  sem_timedwait(NULL, NULL);
                  return 0;
              }
Performing C SOURCE FILE Test HAVE_PTHREAD_NP_H failed with the following output:
Change Dir: /Users/aabdulla/CLionProjects/rtv1_dispatch/cmake-build-debug/sdl/source/src/sdlLibrary-build/CMakeFiles/CMakeTmp

Run Build Command(s):/usr/bin/make cmTC_22cc3/fast 
/Applications/Xcode.app/Contents/Developer/usr/bin/make -f CMakeFiles/cmTC_22cc3.dir/build.make CMakeFiles/cmTC_22cc3.dir/build
Building C object CMakeFiles/cmTC_22cc3.dir/src.c.o
/Applications/Xcode.app/Contents/Developer/Toolchains/XcodeDefault.xctoolchain/usr/bin/cc   -g -O3 -idirafter /Users/aabdulla/CLionProjects/rtv1_dispatch/cmake-build-debug/sdl/source/src/sdlLibrary/src/video/khronos -DHAVE_PTHREAD_NP_H  -D_THREAD_SAFE   -o CMakeFiles/cmTC_22cc3.dir/src.c.o   -c /Users/aabdulla/CLionProjects/rtv1_dispatch/cmake-build-debug/sdl/source/src/sdlLibrary-build/CMakeFiles/CMakeTmp/src.c
/Users/aabdulla/CLionProjects/rtv1_dispatch/cmake-build-debug/sdl/source/src/sdlLibrary-build/CMakeFiles/CMakeTmp/src.c:3:20: fatal error: 'pthread_np.h' file not found
          #include <pthread_np.h>
                   ^~~~~~~~~~~~~~
1 error generated.
make[5]: *** [CMakeFiles/cmTC_22cc3.dir/src.c.o] Error 1
make[4]: *** [cmTC_22cc3/fast] Error 2

Source file was:

          #include <pthread.h>
          #include <pthread_np.h>
          int main(int argc, char** argv) { return 0; }
Determining if the function pthread_set_name_np exists failed with the following output:
Change Dir: /Users/aabdulla/CLionProjects/rtv1_dispatch/cmake-build-debug/sdl/source/src/sdlLibrary-build/CMakeFiles/CMakeTmp

Run Build Command(s):/usr/bin/make cmTC_afbb7/fast 
/Applications/Xcode.app/Contents/Developer/usr/bin/make -f CMakeFiles/cmTC_afbb7.dir/build.make CMakeFiles/cmTC_afbb7.dir/build
Building C object CMakeFiles/cmTC_afbb7.dir/CheckFunctionExists.c.o
/Applications/Xcode.app/Contents/Developer/Toolchains/XcodeDefault.xctoolchain/usr/bin/cc   -g -O3 -idirafter /Users/aabdulla/CLionProjects/rtv1_dispatch/cmake-build-debug/sdl/source/src/sdlLibrary/src/video/khronos -DCHECK_FUNCTION_EXISTS=pthread_set_name_np  -D_THREAD_SAFE   -o CMakeFiles/cmTC_afbb7.dir/CheckFunctionExists.c.o   -c /Applications/CLion.app/Contents/bin/cmake/mac/share/cmake-3.14/Modules/CheckFunctionExists.c
Linking C executable cmTC_afbb7
/Applications/CLion.app/Contents/bin/cmake/mac/bin/cmake -E cmake_link_script CMakeFiles/cmTC_afbb7.dir/link.txt --verbose=1
/Applications/Xcode.app/Contents/Developer/Toolchains/XcodeDefault.xctoolchain/usr/bin/cc -g -O3 -idirafter /Users/aabdulla/CLionProjects/rtv1_dispatch/cmake-build-debug/sdl/source/src/sdlLibrary/src/video/khronos -DCHECK_FUNCTION_EXISTS=pthread_set_name_np  -D_THREAD_SAFE -Wl,-search_paths_first -Wl,-headerpad_max_install_names   CMakeFiles/cmTC_afbb7.dir/CheckFunctionExists.c.o  -o cmTC_afbb7 
Undefined symbols for architecture x86_64:
  "_pthread_set_name_np", referenced from:
      _main in CheckFunctionExists.c.o
ld: symbol(s) not found for architecture x86_64
clang: error: linker command failed with exit code 1 (use -v to see invocation)
make[5]: *** [cmTC_afbb7] Error 1
make[4]: *** [cmTC_afbb7/fast] Error 2


